<?xml version="1.0" encoding="UTF-8"?>
<!-- Generated by org.testng.reporters.JUnitReportReporter -->
<testsuite hostname="LAPTOP-416" failures="0" tests="1" name="TestNG.Inviteuser" time="5.746" errors="0" timestamp="2023-01-06T16:17:10 IST" skipped="0">
  <testcase classname="TestNG.Inviteuser" name="testlogin" time="5.746"/>
  <system-out/>
</testsuite> <!-- TestNG.Inviteuser -->
