<?xml version="1.0" encoding="UTF-8"?>
<!-- Generated by org.testng.reporters.JUnitReportReporter -->
<testsuite hostname="LAPTOP-416" failures="0" tests="1" name="TestNG.Login" time="6.571" errors="0" timestamp="2023-01-09T13:01:55 IST" skipped="0">
  <testcase classname="TestNG.Login" name="testlogin" time="6.571"/>
  <system-out/>
</testsuite> <!-- TestNG.Login -->
